#
# There is insufficient memory for the Java Runtime Environment to continue.
# Native memory allocation (mmap) failed to map 2064384 bytes for G1 virtual space
# Possible reasons:
#   The system is out of physical RAM or swap space
#   The process is running with CompressedOops enabled, and the Java Heap may be blocking the growth of the native heap
# Possible solutions:
#   Reduce memory load on the system
#   Increase physical memory or swap space
#   Check if swap backing store is full
#   Decrease Java heap size (-Xmx/-Xms)
#   Decrease number of Java threads
#   Decrease Java thread stack sizes (-Xss)
#   Set larger code cache with -XX:ReservedCodeCacheSize=
#   JVM is running with Unscaled Compressed Oops mode in which the Java heap is
#     placed in the first 4GB address space. The Java Heap base address is the
#     maximum limit for the native heap growth. Please use -XX:HeapBaseMinAddress
#     to set the Java Heap base and to place the Java Heap above 4GB virtual address.
# This output file may be truncated or incomplete.
#
#  Out of Memory Error (./open/src/hotspot/os/windows/os_windows.cpp:3472), pid=7028, tid=8136
#
# JRE version:  (15.0.1+9) (build )
# Java VM: Java HotSpot(TM) 64-Bit Server VM (15.0.1+9-18, mixed mode, sharing, tiered, compressed oops, g1 gc, windows-amd64)
# No core dump will be written. Minidumps are not enabled by default on client versions of Windows
#

---------------  S U M M A R Y ------------

Command Line: -Dcom.sun.management.jmxremote -Dcom.sun.management.jmxremote.port=49236 -Dcom.sun.management.jmxremote.authenticate=false -Dcom.sun.management.jmxremote.ssl=false -Djava.rmi.server.hostname=localhost -Dspring.jmx.enabled=true -Dspring.liveBeansView.mbeanDomain -Dspring.application.admin.enabled=true -Xverify:none -XX:TieredStopAtLevel=1 -Dspring.boot.project.name=FoodAPI -Dfile.encoding=UTF-8 -XX:+ShowCodeDetailsInExceptionMessages project.FoodApiApplication

Host: Intel(R) Core(TM) i5-1035G1 CPU @ 1.00GHz, 8 cores, 7G,  Windows 10 , 64 bit Build 18362 (10.0.18362.1316)
Time: Wed Jan 27 21:36:43 2021 SE Asia Standard Time elapsed time: 0.025383 seconds (0d 0h 0m 0s)

---------------  T H R E A D  ---------------

Current thread (0x0000023f1358e660):  JavaThread "Unknown thread" [_thread_in_vm, id=8136, stack(0x0000006457400000,0x0000006457500000)]

Stack: [0x0000006457400000,0x0000006457500000]
Native frames: (J=compiled Java code, j=interpreted, Vv=VM code, C=native code)
V  [jvm.dll+0x62ae9a]
V  [jvm.dll+0x781389]
V  [jvm.dll+0x782ae3]
V  [jvm.dll+0x783143]
V  [jvm.dll+0x216265]
V  [jvm.dll+0x6281d9]
V  [jvm.dll+0x61cd15]
V  [jvm.dll+0x2d01fd]
V  [jvm.dll+0x2d0062]
V  [jvm.dll+0x2d603c]
V  [jvm.dll+0x325b53]
V  [jvm.dll+0x3251f4]
V  [jvm.dll+0x2a717a]
V  [jvm.dll+0x2a8318]
V  [jvm.dll+0x75e101]
V  [jvm.dll+0x3343e4]
V  [jvm.dll+0x73e826]
V  [jvm.dll+0x3b7777]
V  [jvm.dll+0x3b9201]
C  [jli.dll+0x52fb]
C  [ucrtbase.dll+0x210b2]
C  [KERNEL32.DLL+0x17c24]
C  [ntdll.dll+0x6d4d1]


---------------  P R O C E S S  ---------------

Threads class SMR info:
_java_thread_list=0x00007ffaec544ff0, length=0, elements={
}

Java Threads: ( => current thread )

Other Threads:
  0x0000023f135ce890 GCTaskThread "GC Thread#0" [stack: 0x0000006457500000,0x0000006457600000] [id=3320]
  0x0000023f135df330 ConcurrentGCThread "G1 Main Marker" [stack: 0x0000006457600000,0x0000006457700000] [id=14216]
  0x0000023f135dfeb0 ConcurrentGCThread "G1 Conc#0" [stack: 0x0000006457700000,0x0000006457800000] [id=6560]

[error occurred during error reporting (printing all threads), id 0xc0000005, EXCEPTION_ACCESS_VIOLATION (0xc0000005) at pc=0x00007ffaebd38047]

VM state: not at safepoint (not fully initialized)

VM Mutex/Monitor currently owned by a thread:  ([mutex/lock_event])
[0x0000023f1358b0b0] Heap_lock - owner thread: 0x0000023f1358e660

Heap address: 0x0000000083a00000, size: 1990 MB, Compressed Oops mode: 32-bit
CDS archive(s) mapped at: [0x0000000000000000-0x0000000000000000-0x0000000000000000), size 0, SharedBaseAddress: 0x0000000800000000, ArchiveRelocationMode: 0.
Narrow klass base: 0x0000000000000000, Narrow klass shift: 0, Narrow klass range: 0x0

Heap:
 garbage-first heap   total 129024K, used 0K [0x0000000083a00000, 0x0000000100000000)
  region size 1024K, 0 young (0K), 0 survivors (0K)
 Metaspace       used 0K, capacity 0K, committed 0K, reserved 0K
  class space    used 0K, capacity 0K, committed 0K, reserved 0K

Heap Regions: E=young(eden), S=young(survivor), O=old, HS=humongous(starts), HC=humongous(continues), CS=collection set, F=free, OA=open archive, CA=closed archive, TAMS=top-at-mark-start (previous, next)

Card table byte_map: [0x0000023f2aee0000,0x0000023f2b2d0000] _byte_map_base: 0x0000023f2aac3000

Marking Bits (Prev, Next): (CMBitMap*) 0x0000023f135cf010, (CMBitMap*) 0x0000023f135cf050
 Prev Bits: [0x0000023f2b6c0000, 0x0000023f2d5d8000)
 Next Bits: [0x0000023f2d5e0000, 0x0000023f2f4f8000)

GC Heap History (0 events):
No events

Deoptimization events (0 events):
No events

Classes unloaded (0 events):
No events

Classes redefined (0 events):
No events

Internal exceptions (0 events):
No events

Events (1 events):
Event: 0.019 Loaded shared library C:\Program Files\Java\jdk-15.0.1\bin\java.dll


Dynamic libraries:
0x00007ff6550c0000 - 0x00007ff6550cf000 	C:\Program Files\Java\jdk-15.0.1\bin\javaw.exe
0x00007ffb29fc0000 - 0x00007ffb2a1b0000 	C:\Windows\SYSTEM32\ntdll.dll
0x00007ffb29bf0000 - 0x00007ffb29ca2000 	C:\Windows\System32\KERNEL32.DLL
0x00007ffb271b0000 - 0x00007ffb27455000 	C:\Windows\System32\KERNELBASE.dll
0x00007ffb26f70000 - 0x00007ffb2706a000 	C:\Windows\System32\ucrtbase.dll
0x00007ffb147e0000 - 0x00007ffb147f8000 	C:\Program Files\Java\jdk-15.0.1\bin\jli.dll
0x00007ffb28860000 - 0x00007ffb28903000 	C:\Windows\System32\ADVAPI32.dll
0x00007ffb28740000 - 0x00007ffb287de000 	C:\Windows\System32\msvcrt.dll
0x00007ffb29cc0000 - 0x00007ffb29d57000 	C:\Windows\System32\sechost.dll
0x00007ffb28af0000 - 0x00007ffb28c0f000 	C:\Windows\System32\RPCRT4.dll
0x00007ffb281e0000 - 0x00007ffb28374000 	C:\Windows\System32\USER32.dll
0x00007ffb26f40000 - 0x00007ffb26f61000 	C:\Windows\System32\win32u.dll
0x00007ffb29090000 - 0x00007ffb290b6000 	C:\Windows\System32\GDI32.dll
0x00007ffb27460000 - 0x00007ffb275f8000 	C:\Windows\System32\gdi32full.dll
0x00007ffb27d80000 - 0x00007ffb27e1e000 	C:\Windows\System32\msvcp_win.dll
0x00007ffb14800000 - 0x00007ffb14819000 	C:\Program Files\Java\jdk-15.0.1\bin\VCRUNTIME140.dll
0x00007ffb16db0000 - 0x00007ffb17034000 	C:\Windows\WinSxS\amd64_microsoft.windows.common-controls_6595b64144ccf1df_6.0.18362.1316_none_9e7a364fe461dbd7\COMCTL32.dll
0x00007ffb298b0000 - 0x00007ffb29be7000 	C:\Windows\System32\combase.dll
0x00007ffb27070000 - 0x00007ffb270f1000 	C:\Windows\System32\bcryptPrimitives.dll
0x00007ffb23660000 - 0x00007ffb2366a000 	C:\Windows\SYSTEM32\VERSION.dll
0x00007ffb297b0000 - 0x00007ffb297de000 	C:\Windows\System32\IMM32.DLL
0x00007ffb22d20000 - 0x00007ffb22d2c000 	C:\Program Files\Java\jdk-15.0.1\bin\vcruntime140_1.dll
0x00007ffb14740000 - 0x00007ffb147d1000 	C:\Program Files\Java\jdk-15.0.1\bin\msvcp140.dll
0x00007ffaeba80000 - 0x00007ffaec5de000 	C:\Program Files\Java\jdk-15.0.1\bin\server\jvm.dll
0x00007ffb28070000 - 0x00007ffb28078000 	C:\Windows\System32\PSAPI.DLL
0x00007ffb0ac10000 - 0x00007ffb0ac19000 	C:\Windows\SYSTEM32\WSOCK32.dll
0x00007ffb29840000 - 0x00007ffb298af000 	C:\Windows\System32\WS2_32.dll
0x00007ffb23420000 - 0x00007ffb23444000 	C:\Windows\SYSTEM32\WINMM.dll
0x00007ffb233f0000 - 0x00007ffb2341d000 	C:\Windows\SYSTEM32\WINMMBASE.dll
0x00007ffb27160000 - 0x00007ffb271aa000 	C:\Windows\System32\cfgmgr32.dll
0x00007ffb26e80000 - 0x00007ffb26e91000 	C:\Windows\System32\kernel.appcore.dll
0x00007ffb22410000 - 0x00007ffb2241a000 	C:\Program Files\Java\jdk-15.0.1\bin\jimage.dll
0x00007ffb25760000 - 0x00007ffb25954000 	C:\Windows\SYSTEM32\DBGHELP.DLL
0x00007ffb0a770000 - 0x00007ffb0a79a000 	C:\Windows\SYSTEM32\dbgcore.DLL
0x00007ffb14710000 - 0x00007ffb14735000 	C:\Program Files\Java\jdk-15.0.1\bin\java.dll

dbghelp: loaded successfully - version: 4.0.5 - missing functions: none
symbol engine: initialized successfully - sym options: 0x614 - pdb path: .;C:\Program Files\Java\jdk-15.0.1\bin;C:\Windows\SYSTEM32;C:\Windows\WinSxS\amd64_microsoft.windows.common-controls_6595b64144ccf1df_6.0.18362.1316_none_9e7a364fe461dbd7;C:\Program Files\Java\jdk-15.0.1\bin\server

VM Arguments:
jvm_args: -Dcom.sun.management.jmxremote -Dcom.sun.management.jmxremote.port=49236 -Dcom.sun.management.jmxremote.authenticate=false -Dcom.sun.management.jmxremote.ssl=false -Djava.rmi.server.hostname=localhost -Dspring.jmx.enabled=true -Dspring.liveBeansView.mbeanDomain -Dspring.application.admin.enabled=true -Xverify:none -XX:TieredStopAtLevel=1 -Dspring.boot.project.name=FoodAPI -Dfile.encoding=UTF-8 -XX:+ShowCodeDetailsInExceptionMessages 
java_command: project.FoodApiApplication
java_class_path (initial): E:\Project\FoodAPI\target\classes;C:\Users\DUYEN\.m2\repository\org\springframework\boot\spring-boot-starter-data-jpa\2.4.1\spring-boot-starter-data-jpa-2.4.1.jar;C:\Users\DUYEN\.m2\repository\org\springframework\boot\spring-boot-starter-aop\2.4.1\spring-boot-starter-aop-2.4.1.jar;C:\Users\DUYEN\.m2\repository\org\springframework\spring-aop\5.3.2\spring-aop-5.3.2.jar;C:\Users\DUYEN\.m2\repository\org\aspectj\aspectjweaver\1.9.6\aspectjweaver-1.9.6.jar;C:\Users\DUYEN\.m2\repository\org\springframework\boot\spring-boot-starter-jdbc\2.4.1\spring-boot-starter-jdbc-2.4.1.jar;C:\Users\DUYEN\.m2\repository\com\zaxxer\HikariCP\3.4.5\HikariCP-3.4.5.jar;C:\Users\DUYEN\.m2\repository\org\springframework\spring-jdbc\5.3.2\spring-jdbc-5.3.2.jar;C:\Users\DUYEN\.m2\repository\jakarta\transaction\jakarta.transaction-api\1.3.3\jakarta.transaction-api-1.3.3.jar;C:\Users\DUYEN\.m2\repository\jakarta\persistence\jakarta.persistence-api\2.2.3\jakarta.persistence-api-2.2.3.jar;C:\Users\DUYEN\.m2\repository\org\hibernate\hibernate-core\5.4.25.Final\hibernate-core-5.4.25.Final.jar;C:\Users\DUYEN\.m2\repository\org\jboss\logging\jboss-logging\3.4.1.Final\jboss-logging-3.4.1.Final.jar;C:\Users\DUYEN\.m2\repository\org\javassist\javassist\3.27.0-GA\javassist-3.27.0-GA.jar;C:\Users\DUYEN\.m2\repository\net\bytebuddy\byte-buddy\1.10.18\byte-buddy-1.10.18.jar;C:\Users\DUYEN\.m2\repository\antlr\antlr\2.7.7\antlr-2.7.7.jar;C:\Users\DUYEN\.m2\repository\org\jboss\jandex\2.1.3.Final\jandex-2.1.3.Final.jar;C:\Users\DUYEN\.m2\repository\com\fasterxml\classmate\1.5.1\classmate-1.5.1.jar;C:\Users\DUYEN\.m2\repository\org\dom4j\dom4j\2.1.3\dom4j-2.1.3.jar;C:\Users\DUYEN\.m2\repository\org\hibernate\common\hibernate-commons-annotations\5.1.2.Final\hibernate-commons-annotations-5.1.2.Final.jar;C:\Users\DUYEN\.m2\repository\org\glassfish\jaxb\jaxb-runtime\2.3.3\jaxb-runtime-2.3.3.jar;C:\Users\DUYEN\.m2\repository\org\glassfish\jaxb\txw2\2.3.3\txw2-2.3.3.jar;C:\Users\DUYEN\.m2\r
Launcher Type: SUN_STANDARD

[Global flags]
     intx CICompilerCount                          = 4                                         {product} {ergonomic}
     uint ConcGCThreads                            = 2                                         {product} {ergonomic}
     uint G1ConcRefinementThreads                  = 8                                         {product} {ergonomic}
   size_t G1HeapRegionSize                         = 1048576                                   {product} {ergonomic}
    uintx GCDrainStackTargetSize                   = 64                                        {product} {ergonomic}
   size_t InitialHeapSize                          = 132120576                                 {product} {ergonomic}
     bool ManagementServer                         = true                                      {product} {command line}
   size_t MarkStackSize                            = 4194304                                   {product} {ergonomic}
   size_t MaxHeapSize                              = 2086666240                                {product} {ergonomic}
   size_t MinHeapDeltaBytes                        = 1048576                                   {product} {ergonomic}
   size_t MinHeapSize                              = 8388608                                   {product} {ergonomic}
    uintx NonNMethodCodeHeapSize                   = 7549744                                {pd product} {ergonomic}
    uintx NonProfiledCodeHeapSize                  = 244108496                              {pd product} {ergonomic}
    uintx ProfiledCodeHeapSize                     = 0                                      {pd product} {ergonomic}
    uintx ReservedCodeCacheSize                    = 251658240                              {pd product} {ergonomic}
     bool SegmentedCodeCache                       = true                                      {product} {ergonomic}
     bool ShowCodeDetailsInExceptionMessages       = true                                   {manageable} {command line}
   size_t SoftMaxHeapSize                          = 2086666240                             {manageable} {ergonomic}
     intx TieredStopAtLevel                        = 1                                         {product} {command line}
     bool UseCompressedClassPointers               = true                                 {lp64_product} {ergonomic}
     bool UseCompressedOops                        = true                                 {lp64_product} {ergonomic}
     bool UseG1GC                                  = true                                      {product} {ergonomic}
     bool UseLargePagesIndividualAllocation        = false                                  {pd product} {ergonomic}

Logging:
Log output configuration:
 #0: stdout all=warning uptime,level,tags
 #1: stderr all=off uptime,level,tags

Environment Variables:
JAVA_HOME=C:\Program Files\Java\jdk1.8.0_181
PATH=C:\Program Files\Common Files\Oracle\Java\javapath;C:\Windows\system32;C:\Windows;C:\Windows\System32\Wbem;C:\Windows\System32\WindowsPowerShell\v1.0\;C:\Windows\System32\OpenSSH\;C:\Program Files\Git\cmd;D:\project\software\apache-maven-3.6.3\bin;C:\Program Files\Java\jdk1.8.0_181\bin;C:\Program Files\nodejs\;C:\Program Files\Microsoft SQL Server\Client SDK\ODBC\110\Tools\Binn\;C:\Program Files\Azure Data Studio\bin;C:\Program Files\Microsoft SQL Server\Client SDK\ODBC\170\Tools\Binn\;C:\Program Files (x86)\Microsoft SQL Server\150\Tools\Binn\;C:\Program Files\Microsoft SQL Server\150\Tools\Binn\;C:\Program Files\Microsoft SQL Server\150\DTS\Binn\;C:\Program Files (x86)\Microsoft SQL Server\150\DTS\Binn\;C:\Users\DUYEN\AppData\Roaming\npm;C:\Users\DUYEN\AppData\Local\Programs\Microsoft VS Code\bin
USERNAME=DUYEN
OS=Windows_NT
PROCESSOR_IDENTIFIER=Intel64 Family 6 Model 126 Stepping 5, GenuineIntel



---------------  S Y S T E M  ---------------

OS:
 Windows 10 , 64 bit Build 18362 (10.0.18362.1316)
OS uptime: 0 days 23:31 hours

CPU: total 8 (initial active 8) (4 cores per cpu, 2 threads per core) family 6 model 126 stepping 5 microcode 0xa0, cmov, cx8, fxsr, mmx, sse, sse2, sse3, ssse3, sse4.1, sse4.2, popcnt, vzeroupper, avx, avx2, aes, clmul, erms, 3dnowpref, lzcnt, ht, tsc, tscinvbit, bmi1, bmi2, adx, avx512f, avx512dq, avx512cd, avx512bw, avx512vl, avx512_vpopcntdq, avx512_vpclmulqdq, avx512_vbmi, avx512_vbmi2, avx512_vaes, avx512_vnni, sha, fma, clflush, clflushopt

Memory: 4k page, system-wide physical 7959M (1254M free)
TotalPageFile size 9849M (AvailPageFile size 8M)
current process WorkingSet (physical memory assigned to process): 10M, peak: 10M
current process commit charge ("private bytes"): 186M, peak: 188M

vm_info: Java HotSpot(TM) 64-Bit Server VM (15.0.1+9-18) for windows-amd64 JRE (15.0.1+9-18), built on Sep 15 2020 14:43:54 by "mach5one" with unknown MS VC++:1925

END.
